<?xml version="1.0" encoding="UTF-8"?>
<!-- Generated by org.testng.reporters.JUnitReportReporter -->
<testsuite hostname="shawn-linux" failures="0" tests="1" name="com.xronos.constants.ContractTypeEnumTest" time="0.003" errors="0" timestamp="2022-07-02T21:24:19 CST" skipped="0">
  <testcase classname="com.xronos.constants.ContractTypeEnumTest" name="testContractTypeEnum" time="0.003"/>
  <system-out/>
</testsuite> <!-- com.xronos.constants.ContractTypeEnumTest -->
